#
# There is insufficient memory for the Java Runtime Environment to continue.
# Native memory allocation (malloc) failed to allocate 1384176 bytes for Chunk::new
# Possible reasons:
#   The system is out of physical RAM or swap space
#   In 32 bit mode, the process size limit was hit
# Possible solutions:
#   Reduce memory load on the system
#   Increase physical memory or swap space
#   Check if swap backing store is full
#   Use 64 bit Java on a 64 bit OS
#   Decrease Java heap size (-Xmx/-Xms)
#   Decrease number of Java threads
#   Decrease Java thread stack sizes (-Xss)
#   Set larger code cache with -XX:ReservedCodeCacheSize=
# This output file may be truncated or incomplete.
#
#  Out of Memory Error (allocation.cpp:390), pid=13452, tid=0x00000000000031d8
#
# JRE version: Java(TM) SE Runtime Environment (8.0_131-b11) (build 1.8.0_131-b11)
# Java VM: Java HotSpot(TM) 64-Bit Server VM (25.131-b11 mixed mode windows-amd64 compressed oops)
# Failed to write core dump. Minidumps are not enabled by default on client versions of Windows
#

---------------  T H R E A D  ---------------

Current thread (0x0000000016d5d800):  JavaThread "C2 CompilerThread1" daemon [_thread_in_native, id=12760, stack(0x00000000184e0000,0x00000000185e0000)]

Stack: [0x00000000184e0000,0x00000000185e0000]
[error occurred during error reporting (printing stack bounds), id 0xc0000005]

Native frames: (J=compiled Java code, j=interpreted, Vv=VM code, C=native code)


Current CompileTask:
C2:7465605 23170       4       com.android.tools.r8.ir.code.Phi::a (339 bytes)


---------------  P R O C E S S  ---------------

Java Threads: ( => current thread )
  0x0000000019b4e800 JavaThread "ForkJoinPool.commonPool-worker-0" daemon [_thread_blocked, id=12844, stack(0x00000000284a0000,0x00000000285a0000)]
  0x0000000019b40800 JavaThread "WorkerExecutor Queue Thread 2" [_thread_blocked, id=5432, stack(0x00000000281a0000,0x00000000282a0000)]
  0x0000000019b42800 JavaThread "Cache worker for Java compile cache (C:\Users\Client\Documents\TDM2\TP2\EXO1\.gradle\5.4.1\javaCompile)" [_thread_blocked, id=10384, stack(0x0000000027ca0000,0x0000000027da0000)]
  0x0000000019b47800 JavaThread "Cache worker for Java compile cache (C:\Users\Client\.gradle\caches\5.4.1\javaCompile)" [_thread_blocked, id=7052, stack(0x0000000027370000,0x0000000027470000)]
  0x0000000019b47000 JavaThread "WorkerExecutor Queue" [_thread_blocked, id=7036, stack(0x0000000027ba0000,0x0000000027ca0000)]
  0x0000000019b46000 JavaThread "RMI TCP Connection(1)-127.0.0.1" daemon [_thread_in_native, id=1344, stack(0x0000000027aa0000,0x0000000027ba0000)]
  0x0000000019b43000 JavaThread "RMI Reaper" [_thread_blocked, id=12104, stack(0x0000000027670000,0x0000000027770000)]
  0x0000000019b44800 JavaThread "RMI TCP Accept-0" daemon [_thread_in_native, id=13648, stack(0x0000000027570000,0x0000000027670000)]
  0x0000000019b40000 JavaThread "GC Daemon" daemon [_thread_blocked, id=12420, stack(0x0000000027470000,0x0000000027570000)]
  0x0000000018fd6800 JavaThread "RMI Scheduler(0)" daemon [_thread_blocked, id=8872, stack(0x0000000027270000,0x0000000027370000)]
  0x0000000018fd5000 JavaThread "Cache worker for execution history cache (C:\Users\Client\Documents\TDM2\TP2\EXO1\.gradle\5.4.1\executionHistory)" [_thread_blocked, id=12340, stack(0x0000000025ee0000,0x0000000025fe0000)]
  0x0000000018fd4800 JavaThread "Execution worker for ':' Thread 3" [_thread_in_Java, id=10668, stack(0x0000000024b30000,0x0000000024c30000)]
  0x0000000018fd3800 JavaThread "Execution worker for ':' Thread 2" [_thread_in_Java, id=9712, stack(0x0000000024830000,0x0000000024930000)]
  0x0000000018fd3000 JavaThread "Execution worker for ':'" [_thread_in_Java, id=11272, stack(0x00000000232d0000,0x00000000233d0000)]
  0x0000000018fd2000 JavaThread "Cache worker for file content cache (C:\Users\Client\Documents\TDM2\TP2\EXO1\.gradle\5.4.1\fileContent)" [_thread_blocked, id=7064, stack(0x0000000022f60000,0x0000000023060000)]
  0x0000000018fd0800 JavaThread "Cache worker for Build Output Cleanup Cache (C:\Users\Client\Documents\TDM2\TP2\EXO1\.gradle\buildOutputCleanup)" [_thread_blocked, id=4108, stack(0x0000000021900000,0x0000000021a00000)]
  0x0000000018fd1800 JavaThread "Build operations Thread 4" [_thread_blocked, id=8740, stack(0x0000000021800000,0x0000000021900000)]
  0x0000000018fd6000 JavaThread "Build operations Thread 3" [_thread_blocked, id=3504, stack(0x0000000021700000,0x0000000021800000)]
  0x0000000018fc9000 JavaThread "Build operations Thread 2" [_thread_blocked, id=10896, stack(0x0000000021600000,0x0000000021700000)]
  0x0000000018fd0000 JavaThread "Build operations" [_thread_blocked, id=13328, stack(0x000000001f980000,0x000000001fa80000)]
  0x0000000018fca800 JavaThread "Cache worker for cache directory md-rule (C:\Users\Client\.gradle\caches\5.4.1\md-rule)" [_thread_blocked, id=10200, stack(0x000000001f1d0000,0x000000001f2d0000)]
  0x0000000018fc8000 JavaThread "Cache worker for cache directory md-supplier (C:\Users\Client\.gradle\caches\5.4.1\md-supplier)" [_thread_blocked, id=11292, stack(0x000000001f0d0000,0x000000001f1d0000)]
  0x0000000018fcf000 JavaThread "Cache worker for file hash cache (C:\Users\Client\Documents\TDM2\TP2\EXO1\.gradle\5.4.1\fileHashes)" [_thread_blocked, id=2228, stack(0x000000001b660000,0x000000001b760000)]
  0x0000000018fc7800 JavaThread "Thread-177" [_thread_blocked, id=8664, stack(0x000000001b360000,0x000000001b460000)]
  0x0000000018fcb000 JavaThread "Stdin handler" [_thread_blocked, id=12044, stack(0x000000001b260000,0x000000001b360000)]
  0x0000000018fcc000 JavaThread "Asynchronous log dispatcher for DefaultDaemonConnection: socket connection from /127.0.0.1:52280 to /127.0.0.1:54311" [_thread_blocked, id=4404, stack(0x000000001af60000,0x000000001b060000)]
  0x0000000018fce800 JavaThread "Cancel handler" [_thread_blocked, id=12968, stack(0x0000000001770000,0x0000000001870000)]
  0x0000000018fcd800 JavaThread "Handler for socket connection from /127.0.0.1:52280 to /127.0.0.1:54311" [_thread_in_native, id=11772, stack(0x0000000001670000,0x0000000001770000)]
  0x0000000018fc9800 JavaThread "Java2D Disposer" daemon [_thread_blocked, id=1484, stack(0x0000000027970000,0x0000000027a70000)]
  0x0000000019b4d000 JavaThread "Cache worker for file content cache (C:\Users\Client\.gradle\caches\5.4.1\fileContent)" [_thread_blocked, id=12788, stack(0x0000000022000000,0x0000000022100000)]
  0x0000000019b44000 JavaThread "Daemon worker Thread 5" [_thread_in_Java, id=12380, stack(0x000000001ae60000,0x000000001af60000)]
  0x0000000019b41800 JavaThread "Daemon Thread 5" [_thread_blocked, id=14260, stack(0x0000000001570000,0x0000000001670000)]
  0x0000000019b45800 JavaThread "Memory manager" [_thread_blocked, id=7380, stack(0x0000000022100000,0x0000000022200000)]
  0x000000001a02d800 JavaThread "Cache worker for execution history cache (C:\Users\Client\.gradle\caches\5.4.1\executionHistory)" [_thread_blocked, id=10972, stack(0x0000000020aa0000,0x0000000020ba0000)]
  0x000000001a029000 JavaThread "Cache worker for journal cache (C:\Users\Client\.gradle\caches\journal-1)" [_thread_blocked, id=10092, stack(0x000000001bb60000,0x000000001bc60000)]
  0x000000001a028800 JavaThread "File lock request listener" [_thread_in_native, id=8652, stack(0x000000001b860000,0x000000001b960000)]
  0x000000001a02a000 JavaThread "Cache worker for file hash cache (C:\Users\Client\.gradle\caches\5.4.1\fileHashes)" [_thread_blocked, id=10608, stack(0x000000001b760000,0x000000001b860000)]
  0x0000000019d10800 JavaThread "Daemon periodic checks" [_thread_blocked, id=9788, stack(0x000000001ad60000,0x000000001ae60000)]
  0x0000000019d0e800 JavaThread "Incoming local TCP Connector on port 52280" [_thread_in_native, id=13748, stack(0x000000001aaf0000,0x000000001abf0000)]
  0x0000000019a58800 JavaThread "Daemon health stats" [_thread_blocked, id=7780, stack(0x000000001a4b0000,0x000000001a5b0000)]
  0x0000000018708800 JavaThread "Service Thread" daemon [_thread_blocked, id=3320, stack(0x0000000018ae0000,0x0000000018be0000)]
  0x0000000016d63000 JavaThread "C1 CompilerThread2" daemon [_thread_blocked, id=9996, stack(0x00000000185e0000,0x00000000186e0000)]
=>0x0000000016d5d800 JavaThread "C2 CompilerThread1" daemon [_thread_in_native, id=12760, stack(0x00000000184e0000,0x00000000185e0000)]
  0x0000000016d59800 JavaThread "C2 CompilerThread0" daemon [_thread_in_native, id=10488, stack(0x00000000183e0000,0x00000000184e0000)]
  0x0000000016d68000 JavaThread "Attach Listener" daemon [_thread_blocked, id=2628, stack(0x00000000182e0000,0x00000000183e0000)]
  0x0000000016d66800 JavaThread "Signal Dispatcher" daemon [_thread_blocked, id=5372, stack(0x00000000181e0000,0x00000000182e0000)]
  0x0000000016d4a800 JavaThread "Finalizer" daemon [_thread_blocked, id=9880, stack(0x0000000017fb0000,0x00000000180b0000)]
  0x00000000033e0000 JavaThread "Reference Handler" daemon [_thread_blocked, id=2516, stack(0x0000000017eb0000,0x0000000017fb0000)]
  0x000000000322e000 JavaThread "main" [_thread_blocked, id=10636, stack(0x0000000003120000,0x0000000003220000)]

Other Threads:
  0x0000000016d28000 VMThread [stack: 0x0000000017db0000,0x0000000017eb0000] [id=14304]
  0x0000000018726000 WatcherThread [stack: 0x0000000018be0000,0x0000000018ce0000] [id=11472]

VM state:not at safepoint (normal execution)

VM Mutex/Monitor currently owned by a thread: None

Heap:
 PSYoungGen      total 205824K, used 167999K [0x00000000e0000000, 0x00000000f1600000, 0x0000000100000000)
  eden space 176128K, 81% used [0x00000000e0000000,0x00000000e8c28a68,0x00000000eac00000)
  from space 29696K, 82% used [0x00000000eac00000,0x00000000ec3e7260,0x00000000ec900000)
  to   space 38400K, 0% used [0x00000000ef080000,0x00000000ef080000,0x00000000f1600000)
 ParOldGen       total 184320K, used 64399K [0x00000000a0000000, 0x00000000ab400000, 0x00000000e0000000)
  object space 184320K, 34% used [0x00000000a0000000,0x00000000a3ee3eb8,0x00000000ab400000)
 Metaspace       used 105507K, capacity 109914K, committed 111692K, reserved 1146880K
  class space    used 13565K, capacity 14315K, committed 14720K, reserved 1048576K

Card table byte_map: [0x00000000127b0000,0x0000000012ac0000] byte_map_base: 0x00000000122b0000

Marking Bits: (ParMarkBitMap*) 0x000000005e21c720
 Begin Bits: [0x00000000130c0000, 0x00000000148c0000)
 End Bits:   [0x00000000148c0000, 0x00000000160c0000)

Polling page: 0x0000000001890000

CodeCache: size=245760Kb used=64551Kb max_used=64551Kb free=181208Kb
 bounds [0x00000000033f0000, 0x0000000007350000, 0x00000000123f0000]
 total_blobs=20111 nmethods=19088 adapters=932
 compilation: enabled

Compilation events (10 events):
Event: 7465.513 Thread 0x0000000016d63000 23447       1       com.android.tools.r8.ir.code.InstanceOf::a (2 bytes)
Event: 7465.514 Thread 0x0000000016d63000 nmethod 23447 0x0000000007338550 code [0x00000000073386a0, 0x00000000073387b0]
Event: 7465.518 Thread 0x0000000016d63000 23448       1       com.android.tools.r8.ir.code.InstanceOf::dest (5 bytes)
Event: 7465.518 Thread 0x0000000016d63000 nmethod 23448 0x0000000007338810 code [0x0000000007338960, 0x0000000007338a70]
Event: 7465.527 Thread 0x0000000016d63000 23449       3       com.android.tools.r8.ir.conversion.IRBuilder::a (706 bytes)
Event: 7465.533 Thread 0x0000000016d63000 nmethod 23449 0x0000000007338ad0 code [0x0000000007339200, 0x000000000733db78]
Event: 7465.533 Thread 0x0000000016d63000 23450       2       com.android.tools.r8.ir.regalloc.LinearScanRegisterAllocator::a (148 bytes)
Event: 7465.534 Thread 0x0000000016d63000 nmethod 23450 0x0000000007340790 code [0x00000000073409a0, 0x0000000007340fa8]
Event: 7465.534 Thread 0x0000000016d63000 23451       2       com.android.tools.r8.ir.regalloc.c::a (36 bytes)
Event: 7465.535 Thread 0x0000000016d63000 nmethod 23451 0x0000000007341610 code [0x0000000007341780, 0x00000000073418e8]

GC Heap History (10 events):
Event: 7458.316 GC heap before
{Heap before GC invocations=29 (full 4):
 PSYoungGen      total 204288K, used 188976K [0x00000000e0000000, 0x00000000ef580000, 0x0000000100000000)
  eden space 176128K, 100% used [0x00000000e0000000,0x00000000eac00000,0x00000000eac00000)
  from space 28160K, 45% used [0x00000000eda00000,0x00000000ee68c060,0x00000000ef580000)
  to   space 29696K, 0% used [0x00000000eac00000,0x00000000eac00000,0x00000000ec900000)
 ParOldGen       total 184320K, used 46943K [0x00000000a0000000, 0x00000000ab400000, 0x00000000e0000000)
  object space 184320K, 25% used [0x00000000a0000000,0x00000000a2dd7c50,0x00000000ab400000)
 Metaspace       used 96562K, capacity 100188K, committed 103500K, reserved 1138688K
  class space    used 12353K, capacity 13014K, committed 13696K, reserved 1048576K
Event: 7458.373 GC heap after
Heap after GC invocations=29 (full 4):
 PSYoungGen      total 205824K, used 23820K [0x00000000e0000000, 0x00000000efc80000, 0x0000000100000000)
  eden space 176128K, 0% used [0x00000000e0000000,0x00000000e0000000,0x00000000eac00000)
  from space 29696K, 80% used [0x00000000eac00000,0x00000000ec343270,0x00000000ec900000)
  to   space 29184K, 0% used [0x00000000ee000000,0x00000000ee000000,0x00000000efc80000)
 ParOldGen       total 184320K, used 46959K [0x00000000a0000000, 0x00000000ab400000, 0x00000000e0000000)
  object space 184320K, 25% used [0x00000000a0000000,0x00000000a2ddbc50,0x00000000ab400000)
 Metaspace       used 96562K, capacity 100188K, committed 103500K, reserved 1138688K
  class space    used 12353K, capacity 13014K, committed 13696K, reserved 1048576K
}
Event: 7460.256 GC heap before
{Heap before GC invocations=30 (full 4):
 PSYoungGen      total 205824K, used 199948K [0x00000000e0000000, 0x00000000efc80000, 0x0000000100000000)
  eden space 176128K, 100% used [0x00000000e0000000,0x00000000eac00000,0x00000000eac00000)
  from space 29696K, 80% used [0x00000000eac00000,0x00000000ec343270,0x00000000ec900000)
  to   space 29184K, 0% used [0x00000000ee000000,0x00000000ee000000,0x00000000efc80000)
 ParOldGen       total 184320K, used 46959K [0x00000000a0000000, 0x00000000ab400000, 0x00000000e0000000)
  object space 184320K, 25% used [0x00000000a0000000,0x00000000a2ddbc50,0x00000000ab400000)
 Metaspace       used 99945K, capacity 103756K, committed 106828K, reserved 1142784K
  class space    used 12832K, capacity 13508K, committed 14208K, reserved 1048576K
Event: 7460.299 GC heap after
Heap after GC invocations=30 (full 4):
 PSYoungGen      total 205312K, used 29165K [0x00000000e0000000, 0x00000000efc80000, 0x0000000100000000)
  eden space 176128K, 0% used [0x00000000e0000000,0x00000000e0000000,0x00000000eac00000)
  from space 29184K, 99% used [0x00000000ee000000,0x00000000efc7b5d0,0x00000000efc80000)
  to   space 29696K, 0% used [0x00000000eac00000,0x00000000eac00000,0x00000000ec900000)
 ParOldGen       total 184320K, used 51125K [0x00000000a0000000, 0x00000000ab400000, 0x00000000e0000000)
  object space 184320K, 27% used [0x00000000a0000000,0x00000000a31ed5f8,0x00000000ab400000)
 Metaspace       used 99945K, capacity 103756K, committed 106828K, reserved 1142784K
  class space    used 12832K, capacity 13508K, committed 14208K, reserved 1048576K
}
Event: 7462.784 GC heap before
{Heap before GC invocations=31 (full 4):
 PSYoungGen      total 205312K, used 205293K [0x00000000e0000000, 0x00000000efc80000, 0x0000000100000000)
  eden space 176128K, 100% used [0x00000000e0000000,0x00000000eac00000,0x00000000eac00000)
  from space 29184K, 99% used [0x00000000ee000000,0x00000000efc7b5d0,0x00000000efc80000)
  to   space 29696K, 0% used [0x00000000eac00000,0x00000000eac00000,0x00000000ec900000)
 ParOldGen       total 184320K, used 51125K [0x00000000a0000000, 0x00000000ab400000, 0x00000000e0000000)
  object space 184320K, 27% used [0x00000000a0000000,0x00000000a31ed5f8,0x00000000ab400000)
 Metaspace       used 105211K, capacity 109608K, committed 111436K, reserved 1146880K
  class space    used 13556K, capacity 14314K, committed 14720K, reserved 1048576K
Event: 7462.896 GC heap after
Heap after GC invocations=31 (full 4):
 PSYoungGen      total 205824K, used 29665K [0x00000000e0000000, 0x00000000f1600000, 0x0000000100000000)
  eden space 176128K, 0% used [0x00000000e0000000,0x00000000e0000000,0x00000000eac00000)
  from space 29696K, 99% used [0x00000000eac00000,0x00000000ec8f8508,0x00000000ec900000)
  to   space 38400K, 0% used [0x00000000ef080000,0x00000000ef080000,0x00000000f1600000)
 ParOldGen       total 184320K, used 52731K [0x00000000a0000000, 0x00000000ab400000, 0x00000000e0000000)
  object space 184320K, 28% used [0x00000000a0000000,0x00000000a337ed98,0x00000000ab400000)
 Metaspace       used 105211K, capacity 109608K, committed 111436K, reserved 1146880K
  class space    used 13556K, capacity 14314K, committed 14720K, reserved 1048576K
}
Event: 7463.890 GC heap before
{Heap before GC invocations=32 (full 4):
 PSYoungGen      total 205824K, used 205793K [0x00000000e0000000, 0x00000000f1600000, 0x0000000100000000)
  eden space 176128K, 100% used [0x00000000e0000000,0x00000000eac00000,0x00000000eac00000)
  from space 29696K, 99% used [0x00000000eac00000,0x00000000ec8f8508,0x00000000ec900000)
  to   space 38400K, 0% used [0x00000000ef080000,0x00000000ef080000,0x00000000f1600000)
 ParOldGen       total 184320K, used 52731K [0x00000000a0000000, 0x00000000ab400000, 0x00000000e0000000)
  object space 184320K, 28% used [0x00000000a0000000,0x00000000a337ed98,0x00000000ab400000)
 Metaspace       used 105364K, capacity 109776K, committed 111692K, reserved 1146880K
  class space    used 13557K, capacity 14314K, committed 14720K, reserved 1048576K
Event: 7463.963 GC heap after
Heap after GC invocations=32 (full 4):
 PSYoungGen      total 214528K, used 29989K [0x00000000e0000000, 0x00000000f1600000, 0x0000000100000000)
  eden space 176128K, 0% used [0x00000000e0000000,0x00000000e0000000,0x00000000eac00000)
  from space 38400K, 78% used [0x00000000ef080000,0x00000000f0dc94d8,0x00000000f1600000)
  to   space 29696K, 0% used [0x00000000eac00000,0x00000000eac00000,0x00000000ec900000)
 ParOldGen       total 184320K, used 52731K [0x00000000a0000000, 0x00000000ab400000, 0x00000000e0000000)
  object space 184320K, 28% used [0x00000000a0000000,0x00000000a337ed98,0x00000000ab400000)
 Metaspace       used 105364K, capacity 109776K, committed 111692K, reserved 1146880K
  class space    used 13557K, capacity 14314K, committed 14720K, reserved 1048576K
}
Event: 7464.900 GC heap before
{Heap before GC invocations=33 (full 4):
 PSYoungGen      total 214528K, used 206117K [0x00000000e0000000, 0x00000000f1600000, 0x0000000100000000)
  eden space 176128K, 100% used [0x00000000e0000000,0x00000000eac00000,0x00000000eac00000)
  from space 38400K, 78% used [0x00000000ef080000,0x00000000f0dc94d8,0x00000000f1600000)
  to   space 29696K, 0% used [0x00000000eac00000,0x00000000eac00000,0x00000000ec900000)
 ParOldGen       total 184320K, used 52731K [0x00000000a0000000, 0x00000000ab400000, 0x00000000e0000000)
  object space 184320K, 28% used [0x00000000a0000000,0x00000000a337ed98,0x00000000ab400000)
 Metaspace       used 105452K, capacity 109846K, committed 111692K, reserved 1146880K
  class space    used 13558K, capacity 14315K, committed 14720K, reserved 1048576K
Event: 7464.954 GC heap after
Heap after GC invocations=33 (full 4):
 PSYoungGen      total 205824K, used 24476K [0x00000000e0000000, 0x00000000f1600000, 0x0000000100000000)
  eden space 176128K, 0% used [0x00000000e0000000,0x00000000e0000000,0x00000000eac00000)
  from space 29696K, 82% used [0x00000000eac00000,0x00000000ec3e7260,0x00000000ec900000)
  to   space 38400K, 0% used [0x00000000ef080000,0x00000000ef080000,0x00000000f1600000)
 ParOldGen       total 184320K, used 64399K [0x00000000a0000000, 0x00000000ab400000, 0x00000000e0000000)
  object space 184320K, 34% used [0x00000000a0000000,0x00000000a3ee3eb8,0x00000000ab400000)
 Metaspace       used 105452K, capacity 109846K, committed 111692K, reserved 1146880K
  class space    used 13558K, capacity 14315K, committed 14720K, reserved 1048576K
}

Deoptimization events (10 events):
Event: 7463.548 Thread 0x0000000018fd3000 Uncommon trap: reason=bimorphic action=maybe_recompile pc=0x0000000006b53e0c method=com.android.tools.r8.ir.analysis.g.e.b(Lcom/android/tools/r8/ir/code/Instruction;)V @ 40
Event: 7463.604 Thread 0x0000000018fd3000 Uncommon trap: reason=unstable_if action=reinterpret pc=0x00000000071ae1cc method=com.android.tools.r8.ir.code.Position.equals(Ljava/lang/Object;)Z @ 27
Event: 7463.638 Thread 0x0000000018fd3800 Uncommon trap: reason=unstable_if action=reinterpret pc=0x000000000485e1ec method=java.util.Collections$SetFromMap.add(Ljava/lang/Object;)Z @ 13
Event: 7463.690 Thread 0x0000000018fd3800 Uncommon trap: reason=bimorphic action=maybe_recompile pc=0x0000000006b53e0c method=com.android.tools.r8.ir.analysis.g.e.b(Lcom/android/tools/r8/ir/code/Instruction;)V @ 40
Event: 7463.695 Thread 0x0000000018fd3800 Uncommon trap: reason=bimorphic action=maybe_recompile pc=0x0000000006b53e0c method=com.android.tools.r8.ir.analysis.g.e.b(Lcom/android/tools/r8/ir/code/Instruction;)V @ 40
Event: 7463.712 Thread 0x0000000018fd3800 Uncommon trap: reason=bimorphic action=maybe_recompile pc=0x0000000006b53e0c method=com.android.tools.r8.ir.analysis.g.e.b(Lcom/android/tools/r8/ir/code/Instruction;)V @ 40
Event: 7463.808 Thread 0x0000000018fd4800 Uncommon trap: reason=unstable_if action=reinterpret pc=0x0000000006ca5640 method=com.android.tools.r8.graph.DexString.<init>(Ljava/lang/String;)V @ 32
Event: 7463.873 Thread 0x0000000018fd4800 Uncommon trap: reason=unstable_if action=reinterpret pc=0x000000000547438c method=com.android.tools.r8.ir.conversion.N.getCanonicalDebugPositionAtOffset(I)Lcom/android/tools/r8/ir/code/Position; @ 51
Event: 7464.258 Thread 0x0000000018fd3000 Uncommon trap: reason=unstable_if action=reinterpret pc=0x00000000038ce228 method=java.util.Arrays.equals([Ljava/lang/Object;[Ljava/lang/Object;)Z @ 47
Event: 7464.961 Thread 0x0000000018fd4800 Uncommon trap: reason=unstable_if action=reinterpret pc=0x00000000072d9118 method=com.android.tools.r8.ir.analysis.g.e.b(Lcom/android/tools/r8/ir/code/Instruction;)V @ 11

Internal exceptions (10 events):
Event: 7462.010 Thread 0x0000000018fd3000 Implicit null exception at 0x00000000071b8b8c to 0x00000000071ba27d
Event: 7462.245 Thread 0x0000000018fd3000 Exception <a 'sun/nio/fs/WindowsException'> (0x00000000e7495ce8) thrown at [C:\re\workspace\8-2-build-windows-amd64-cygwin\jdk8u131\8869\hotspot\src\share\vm\prims\jni.cpp, line 709]
Event: 7462.356 Thread 0x0000000019b44000 Exception <a 'sun/nio/fs/WindowsException'> (0x00000000e7acfff8) thrown at [C:\re\workspace\8-2-build-windows-amd64-cygwin\jdk8u131\8869\hotspot\src\share\vm\prims\jni.cpp, line 709]
Event: 7462.597 Thread 0x0000000018fd3000 Exception <a 'sun/nio/fs/WindowsException'> (0x00000000e90241e0) thrown at [C:\re\workspace\8-2-build-windows-amd64-cygwin\jdk8u131\8869\hotspot\src\share\vm\prims\jni.cpp, line 709]
Event: 7462.597 Thread 0x0000000019b44000 Exception <a 'sun/nio/fs/WindowsException'> (0x00000000e9048850) thrown at [C:\re\workspace\8-2-build-windows-amd64-cygwin\jdk8u131\8869\hotspot\src\share\vm\prims\jni.cpp, line 709]
Event: 7462.775 Thread 0x0000000018fd4800 Exception <a 'sun/nio/fs/WindowsException'> (0x00000000e695f228) thrown at [C:\re\workspace\8-2-build-windows-amd64-cygwin\jdk8u131\8869\hotspot\src\share\vm\prims\jni.cpp, line 709]
Event: 7463.385 Thread 0x0000000018fd4800 Exception <a 'sun/nio/fs/WindowsException'> (0x00000000e471fdd8) thrown at [C:\re\workspace\8-2-build-windows-amd64-cygwin\jdk8u131\8869\hotspot\src\share\vm\prims\jni.cpp, line 709]
Event: 7463.806 Thread 0x0000000018fd4800 Exception <a 'sun/nio/fs/WindowsException'> (0x00000000e9b1fe38) thrown at [C:\re\workspace\8-2-build-windows-amd64-cygwin\jdk8u131\8869\hotspot\src\share\vm\prims\jni.cpp, line 709]
Event: 7464.378 Thread 0x0000000018fd3000 Exception <a 'sun/nio/fs/WindowsException'> (0x00000000e38c6970) thrown at [C:\re\workspace\8-2-build-windows-amd64-cygwin\jdk8u131\8869\hotspot\src\share\vm\prims\jni.cpp, line 709]
Event: 7464.528 Thread 0x0000000018fd3000 Exception <a 'sun/nio/fs/WindowsException'> (0x00000000e6661210) thrown at [C:\re\workspace\8-2-build-windows-amd64-cygwin\jdk8u131\8869\hotspot\src\share\vm\prims\jni.cpp, line 709]

Events (10 events):
Event: 7465.062 Thread 0x0000000018fd4800 DEOPT UNPACKING pc=0x000000000343787f sp=0x0000000024c2b018 mode 0
Event: 7465.094 Thread 0x0000000018fd3800 DEOPT PACKING pc=0x000000000730962b sp=0x000000002492b770
Event: 7465.094 Thread 0x0000000018fd3800 DEOPT UNPACKING pc=0x000000000343787f sp=0x000000002492b5c8 mode 0
Event: 7465.150 Thread 0x0000000018fd3000 DEOPT PACKING pc=0x00000000055e60f3 sp=0x00000000233caff0
Event: 7465.150 Thread 0x0000000018fd3000 DEOPT UNPACKING pc=0x000000000343787f sp=0x00000000233cadd8 mode 0
Event: 7465.250 Thread 0x0000000019b44000 DEOPT PACKING pc=0x00000000055e60f3 sp=0x000000001af58360
Event: 7465.250 Thread 0x0000000019b44000 DEOPT UNPACKING pc=0x000000000343787f sp=0x000000001af58148 mode 0
Event: 7465.279 Executing VM operation: RevokeBias
Event: 7465.280 Executing VM operation: RevokeBias done
Event: 7465.280 Thread 0x0000000019b4d800 Thread exited: 0x0000000019b4d800


Dynamic libraries:
0x00007ff6c88d0000 - 0x00007ff6c8907000 	C:\Program Files\Java\jdk1.8.0_131\bin\java.exe
0x00007fff39c80000 - 0x00007fff39e70000 	C:\WINDOWS\SYSTEM32\ntdll.dll
0x00007fff39300000 - 0x00007fff393b2000 	C:\WINDOWS\System32\KERNEL32.DLL
0x00007fff37510000 - 0x00007fff377b3000 	C:\WINDOWS\System32\KERNELBASE.dll
0x00007fff39170000 - 0x00007fff39213000 	C:\WINDOWS\System32\ADVAPI32.dll
0x00007fff39b10000 - 0x00007fff39bae000 	C:\WINDOWS\System32\msvcrt.dll
0x00007fff396c0000 - 0x00007fff39757000 	C:\WINDOWS\System32\sechost.dll
0x00007fff38630000 - 0x00007fff38750000 	C:\WINDOWS\System32\RPCRT4.dll
0x00007fff393c0000 - 0x00007fff39554000 	C:\WINDOWS\System32\USER32.dll
0x00007fff378c0000 - 0x00007fff378e1000 	C:\WINDOWS\System32\win32u.dll
0x00007fff38ec0000 - 0x00007fff38ee6000 	C:\WINDOWS\System32\GDI32.dll
0x00007fff37990000 - 0x00007fff37b24000 	C:\WINDOWS\System32\gdi32full.dll
0x00007fff378f0000 - 0x00007fff3798e000 	C:\WINDOWS\System32\msvcp_win.dll
0x00007fff36c30000 - 0x00007fff36d2a000 	C:\WINDOWS\System32\ucrtbase.dll
0x00007fff23750000 - 0x00007fff239d5000 	C:\WINDOWS\WinSxS\amd64_microsoft.windows.common-controls_6595b64144ccf1df_6.0.18362.778_none_e6c6b761130d4fb8\COMCTL32.dll
0x00007fff39760000 - 0x00007fff39a96000 	C:\WINDOWS\System32\combase.dll
0x00007fff37c80000 - 0x00007fff37d00000 	C:\WINDOWS\System32\bcryptPrimitives.dll
0x00007fff392d0000 - 0x00007fff392fe000 	C:\WINDOWS\System32\IMM32.DLL
0x000000005e2a0000 - 0x000000005e372000 	C:\Program Files\Java\jdk1.8.0_131\jre\bin\msvcr100.dll
0x000000005da00000 - 0x000000005e29c000 	C:\Program Files\Java\jdk1.8.0_131\jre\bin\server\jvm.dll
0x00007fff384b0000 - 0x00007fff384b8000 	C:\WINDOWS\System32\PSAPI.DLL
0x00007fff33890000 - 0x00007fff338b4000 	C:\WINDOWS\SYSTEM32\WINMM.dll
0x00007fff26690000 - 0x00007fff2669a000 	C:\WINDOWS\SYSTEM32\VERSION.dll
0x00007fff33790000 - 0x00007fff337bd000 	C:\WINDOWS\SYSTEM32\winmmbase.dll
0x00007fff28bd0000 - 0x00007fff28bd9000 	C:\WINDOWS\SYSTEM32\WSOCK32.dll
0x00007fff36be0000 - 0x00007fff36c2a000 	C:\WINDOWS\System32\cfgmgr32.dll
0x00007fff38fa0000 - 0x00007fff3900f000 	C:\WINDOWS\System32\WS2_32.dll
0x000000005d9f0000 - 0x000000005d9ff000 	C:\Program Files\Java\jdk1.8.0_131\jre\bin\verify.dll
0x000000005d9c0000 - 0x000000005d9e9000 	C:\Program Files\Java\jdk1.8.0_131\jre\bin\java.dll
0x000000005d9a0000 - 0x000000005d9b6000 	C:\Program Files\Java\jdk1.8.0_131\jre\bin\zip.dll
0x00007fff387d0000 - 0x00007fff38eb5000 	C:\WINDOWS\System32\SHELL32.dll
0x00007fff38ef0000 - 0x00007fff38f99000 	C:\WINDOWS\System32\shcore.dll
0x00007fff36d30000 - 0x00007fff374b0000 	C:\WINDOWS\System32\windows.storage.dll
0x00007fff36b90000 - 0x00007fff36bb3000 	C:\WINDOWS\System32\profapi.dll
0x00007fff36b40000 - 0x00007fff36b8a000 	C:\WINDOWS\System32\powrprof.dll
0x00007fff36b10000 - 0x00007fff36b20000 	C:\WINDOWS\System32\UMPDC.dll
0x00007fff37d00000 - 0x00007fff37d52000 	C:\WINDOWS\System32\shlwapi.dll
0x00007fff36b20000 - 0x00007fff36b31000 	C:\WINDOWS\System32\kernel.appcore.dll
0x00007fff37870000 - 0x00007fff37887000 	C:\WINDOWS\System32\cryptsp.dll
0x000000005d980000 - 0x000000005d99a000 	C:\Program Files\Java\jdk1.8.0_131\jre\bin\net.dll
0x00007fff36380000 - 0x00007fff363e7000 	C:\WINDOWS\system32\mswsock.dll
0x000000005d960000 - 0x000000005d971000 	C:\Program Files\Java\jdk1.8.0_131\jre\bin\nio.dll
0x00007fff28490000 - 0x00007fff284b6000 	C:\Users\Client\.gradle\native\29\windows-amd64\native-platform.dll
0x000000005d950000 - 0x000000005d95d000 	C:\Program Files\Java\jdk1.8.0_131\jre\bin\management.dll
0x00007fff35ef0000 - 0x00007fff35f23000 	C:\WINDOWS\system32\rsaenh.dll
0x00007fff37890000 - 0x00007fff378b6000 	C:\WINDOWS\System32\bcrypt.dll
0x00007fff36a30000 - 0x00007fff36a55000 	C:\WINDOWS\SYSTEM32\USERENV.dll
0x00007fff36550000 - 0x00007fff3655c000 	C:\WINDOWS\SYSTEM32\CRYPTBASE.dll
0x00007fff36090000 - 0x00007fff360ca000 	C:\WINDOWS\SYSTEM32\IPHLPAPI.DLL
0x00007fff38620000 - 0x00007fff38628000 	C:\WINDOWS\System32\NSI.dll
0x00007fff302e0000 - 0x00007fff302f6000 	C:\WINDOWS\SYSTEM32\dhcpcsvc6.DLL
0x00007fff302c0000 - 0x00007fff302dc000 	C:\WINDOWS\SYSTEM32\dhcpcsvc.DLL
0x00007fff360d0000 - 0x00007fff3619a000 	C:\WINDOWS\SYSTEM32\DNSAPI.dll
0x000000005d920000 - 0x000000005d944000 	C:\Program Files\Java\jdk1.8.0_131\jre\bin\sunec.dll
0x00007fff2a800000 - 0x00007fff2a80a000 	C:\Windows\System32\rasadhlp.dll
0x00007fff2f880000 - 0x00007fff2f8f7000 	C:\WINDOWS\System32\fwpuclnt.dll
0x000000005d910000 - 0x000000005d91b000 	C:\Program Files\Java\jdk1.8.0_131\jre\bin\sunmscapi.dll
0x00007fff37b30000 - 0x00007fff37c79000 	C:\WINDOWS\System32\CRYPT32.dll
0x00007fff36bc0000 - 0x00007fff36bd2000 	C:\WINDOWS\System32\MSASN1.dll
0x000000005d6a0000 - 0x000000005d838000 	C:\Program Files\Java\jdk1.8.0_131\jre\bin\awt.dll
0x00007fff38380000 - 0x00007fff38444000 	C:\WINDOWS\System32\OLEAUT32.dll
0x00007fff34de0000 - 0x00007fff34e6f000 	C:\WINDOWS\SYSTEM32\apphelp.dll
0x00007fff35480000 - 0x00007fff354ad000 	C:\WINDOWS\system32\DWMAPI.DLL
0x00007fff34e90000 - 0x00007fff34f29000 	C:\WINDOWS\system32\uxtheme.dll
0x000000005d670000 - 0x000000005d69a000 	C:\Program Files\Java\jdk1.8.0_131\jre\bin\dcpr.dll
0x00007fff27e80000 - 0x00007fff27e9e000 	C:\Users\Client\AppData\Local\Temp\native-platform6109149362626513981dir\native-platform.dll

VM Arguments:
jvm_args: -Xmx1536m -Dfile.encoding=windows-1252 -Duser.country=FR -Duser.language=fr -Duser.variant 
java_command: org.gradle.launcher.daemon.bootstrap.GradleDaemon 5.4.1
java_class_path (initial): C:\Users\Client\.gradle\wrapper\dists\gradle-5.4.1-all\3221gyojl5jsh0helicew7rwx\gradle-5.4.1\lib\gradle-launcher-5.4.1.jar
Launcher Type: SUN_STANDARD

Environment Variables:
JAVA_HOME=C:\Program Files\Java\jdk1.8.0_131
USERNAME=Client
OS=Windows_NT
PROCESSOR_IDENTIFIER=Intel64 Family 6 Model 58 Stepping 9, GenuineIntel



---------------  S Y S T E M  ---------------

OS: Windows 10.0 , 64 bit Build 18362 (10.0.18362.778)

CPU:total 4 (initial active 4) (2 cores per cpu, 2 threads per core) family 6 model 58 stepping 9, cmov, cx8, fxsr, mmx, sse, sse2, sse3, ssse3, sse4.1, sse4.2, popcnt, avx, aes, clmul, erms, ht, tsc, tscinvbit, tscinv

Memory: 4k page, physical 8248880k(1116848k free), swap 8773168k(5812k free)

vm_info: Java HotSpot(TM) 64-Bit Server VM (25.131-b11) for windows-amd64 JRE (1.8.0_131-b11), built on Mar 15 2017 01:23:53 by "java_re" with MS VC++ 10.0 (VS2010)

time: Wed May 13 00:59:34 2020
elapsed time: 7465 seconds (0d 2h 4m 25s)

